2019-03-15 15:01:49,679 [main] INFO  org.mule.module.launcher.application.DefaultMuleApplication - 
++++++++++++++++++++++++++++++++++++++++++++++++++++++++++++
+ Initializing app 'jms'                                   +
++++++++++++++++++++++++++++++++++++++++++++++++++++++++++++
2019-03-15 15:01:49,870 [main] INFO  org.mule.lifecycle.AbstractLifecycleManager - Initialising RegistryBroker
2019-03-15 15:01:50,026 [main] INFO  org.mule.module.extension.internal.manager.DefaultExtensionManager - Starting discovery of extensions
2019-03-15 15:01:50,183 [main] INFO  org.mule.module.extension.internal.manager.DefaultExtensionManager - Discovered 1 extensions
2019-03-15 15:01:50,183 [main] INFO  org.mule.module.extension.internal.manager.DefaultExtensionManager - Registering extension validation (version 3.9)
2019-03-15 15:01:50,276 [main] INFO  org.mule.config.spring.MuleArtifactContext - Refreshing org.mule.config.spring.MuleArtifactContext@22c86919: startup date [Fri Mar 15 15:01:50 IST 2019]; root of context hierarchy
2019-03-15 15:01:52,292 [main] INFO  org.mule.config.spring.processors.NoDevkitInjectorProcessor - JSR-330 'javax.inject.Inject' annotation found and supported for autowiring
2019-03-15 15:01:53,625 [main] WARN  org.mule.module.ognl.expression.OgnlExpressionEvaluator - OGNL module is deprecated and will be removed in Mule 4.0. Use MEL expressions instead.
2019-03-15 15:01:54,097 [main] INFO  org.mule.util.journal.TransactionJournal - Using files for tx logs C:\Users\IMGADMIN\Desktop\Mule 3.9\ws\.mule\.\.mule\jms\queue-tx-log\tx1.log and C:\Users\IMGADMIN\Desktop\Mule 3.9\ws\.mule\.\.mule\jms\queue-tx-log\tx2.log
2019-03-15 15:01:54,113 [main] INFO  org.mule.util.journal.TransactionJournal - Using files for tx logs C:\Users\IMGADMIN\Desktop\Mule 3.9\ws\.mule\.\.mule\jms\queue-xa-tx-log\tx1.log and C:\Users\IMGADMIN\Desktop\Mule 3.9\ws\.mule\.\.mule\jms\queue-xa-tx-log\tx2.log
2019-03-15 15:01:54,128 [main] INFO  org.mule.lifecycle.AbstractLifecycleManager - Initialising connector: Active_MQ
2019-03-15 15:01:54,331 [main] INFO  org.mule.lifecycle.AbstractLifecycleManager - Initialising model: _muleSystemModel
2019-03-15 15:01:54,331 [main] INFO  org.mule.construct.FlowConstructLifecycleManager - Initialising flow: jmsSenderFlow
2019-03-15 15:01:54,331 [main] INFO  org.mule.exception.DefaultMessagingExceptionStrategy - Initialising exception listener: org.mule.exception.DefaultMessagingExceptionStrategy@69909c14
2019-03-15 15:01:54,378 [main] INFO  org.mule.processor.SedaStageLifecycleManager - Initialising service: jmsSenderFlow.stage1
2019-03-15 15:01:54,394 [main] INFO  org.mule.construct.FlowConstructLifecycleManager - Initialising flow: jmsReceiverFlow
2019-03-15 15:01:54,394 [main] INFO  org.mule.exception.DefaultMessagingExceptionStrategy - Initialising exception listener: org.mule.exception.DefaultMessagingExceptionStrategy@535b1ae6
2019-03-15 15:01:54,394 [main] INFO  org.mule.processor.SedaStageLifecycleManager - Initialising service: jmsReceiverFlow.stage1
2019-03-15 15:01:54,847 [main] INFO  org.mule.config.spring.SpringXmlConfigurationBuilder - Configured Mule using "org.mule.config.spring.SpringXmlConfigurationBuilder" with configuration resource(s): "[ConfigResource{resourceName='C:\Users\IMGADMIN\Desktop\Mule 3.9\ws\.mule\apps\jms\jms.xml'}]"
2019-03-15 15:01:54,847 [main] INFO  org.mule.config.builders.AutoConfigurationBuilder - Configured Mule using "org.mule.config.builders.AutoConfigurationBuilder" with configuration resource(s): "[ConfigResource{resourceName='C:\Users\IMGADMIN\Desktop\Mule 3.9\ws\.mule\apps\jms\jms.xml'}]"
2019-03-15 15:01:54,864 [main] INFO  com.mulesoft.module.policies.lifecyle.GateKeeper - GateKeeper Mode: DISABLED
2019-03-15 15:01:54,864 [main] INFO  org.mule.module.launcher.application.DefaultMuleApplication - 
++++++++++++++++++++++++++++++++++++++++++++++++++++++++++++
+ Starting app 'jms'                                       +
++++++++++++++++++++++++++++++++++++++++++++++++++++++++++++
2019-03-15 15:01:54,864 [main] INFO  org.mule.util.queue.QueueXaResourceManager - Starting ResourceManager
2019-03-15 15:01:54,864 [main] INFO  org.mule.util.queue.QueueXaResourceManager - Started ResourceManager
2019-03-15 15:01:54,943 [main] INFO  org.mule.module.http.internal.listener.DefaultHttpListenerConfig - Listening for requests on http://0.0.0.0:9090
2019-03-15 15:01:54,943 [main] ERROR org.mule.retry.notifiers.ConnectNotifier - Failed to connect/reconnect: ActiveMQJmsConnector
{
  name=Active_MQ
  lifecycle=initialise
  this=18b74ea
  numberOfConcurrentTransactedReceivers=4
  createMultipleTransactedReceivers=true
  connected=false
  supportedProtocols=[jms]
  serviceOverrides=<none>
}
. Root Exception was: org.apache.activemq.ActiveMQConnectionFactory. Type: class java.lang.ClassNotFoundException
2019-03-15 15:01:54,958 [main] ERROR org.mule.module.launcher.application.DefaultMuleApplication - org.apache.activemq.ActiveMQConnectionFactory (java.lang.ClassNotFoundException)
2019-03-15 15:01:54,958 [main] INFO  org.mule.module.launcher.application.DefaultMuleApplication - 
++++++++++++++++++++++++++++++++++++++++++++++++++++++++++++
+ Disposing app 'jms'                                      +
++++++++++++++++++++++++++++++++++++++++++++++++++++++++++++
2019-03-15 15:01:54,958 [main] INFO  org.mule.construct.FlowConstructLifecycleManager - Stopping flow: jmsSenderFlow
2019-03-15 15:01:54,958 [main] INFO  org.mule.processor.SedaStageLifecycleManager - Stopping service: jmsSenderFlow.stage1
2019-03-15 15:01:54,958 [main] INFO  org.mule.construct.FlowConstructLifecycleManager - Stopping flow: jmsReceiverFlow
2019-03-15 15:01:54,958 [main] INFO  org.mule.transport.jms.activemq.ActiveMQJmsConnector - Removing listener on endpointUri: jms://input
2019-03-15 15:01:54,958 [main] INFO  org.mule.processor.SedaStageLifecycleManager - Stopping service: jmsReceiverFlow.stage1
2019-03-15 15:01:54,958 [main] INFO  org.mule.lifecycle.AbstractLifecycleManager - Stopping model: _muleSystemModel
2019-03-15 15:01:54,989 [main] INFO  org.mule.module.http.internal.listener.DefaultHttpListenerConfig - Stopped listener on http://0.0.0.0:9090
2019-03-15 15:01:54,989 [main] INFO  org.mule.util.queue.QueueXaResourceManager - Stopping ResourceManager
2019-03-15 15:01:54,989 [main] INFO  org.mule.util.queue.QueueXaResourceManager - Stopped ResourceManager
2019-03-15 15:01:55,005 [main] ERROR org.mule.DefaultMuleContext - Failed to stop Mule context
org.mule.api.lifecycle.LifecycleException: Failed to invoke lifecycle phase "stop" on object: com.mulesoft.mule.throttling.ThrottlingPhase@6ad179b4
	at org.mule.lifecycle.phases.DefaultLifecyclePhase.applyLifecycle(DefaultLifecyclePhase.java:243) ~[mule-core-3.9.1.jar:3.9.1]
	at org.mule.lifecycle.RegistryLifecycleCallback.doApplyLifecycle(RegistryLifecycleCallback.java:108) ~[mule-core-3.9.1.jar:3.9.1]
	at org.mule.lifecycle.RegistryLifecycleCallback.onTransition(RegistryLifecycleCallback.java:78) ~[mule-core-3.9.1.jar:3.9.1]
	at org.mule.lifecycle.AbstractLifecycleManager.invokePhase(AbstractLifecycleManager.java:146) ~[mule-core-3.9.1.jar:3.9.1]
	at org.mule.lifecycle.RegistryLifecycleManager.fireLifecycle(RegistryLifecycleManager.java:134) ~[mule-core-3.9.1.jar:3.9.1]
	at org.mule.registry.AbstractRegistryBroker.fireLifecycle(AbstractRegistryBroker.java:88) ~[mule-core-3.9.1.jar:3.9.1]
	at org.mule.registry.MuleRegistryHelper.fireLifecycle(MuleRegistryHelper.java:141) ~[mule-core-3.9.1.jar:3.9.1]
	at org.mule.lifecycle.MuleContextLifecycleManager$MuleContextLifecycleCallback.onTransition(MuleContextLifecycleManager.java:74) ~[mule-core-3.9.1.jar:3.9.1]
	at org.mule.lifecycle.MuleContextLifecycleManager$MuleContextLifecycleCallback.onTransition(MuleContextLifecycleManager.java:70) ~[mule-core-3.9.1.jar:3.9.1]
	at org.mule.lifecycle.AbstractLifecycleManager.invokePhase(AbstractLifecycleManager.java:146) ~[mule-core-3.9.1.jar:3.9.1]
	at org.mule.lifecycle.MuleContextLifecycleManager.fireLifecycle(MuleContextLifecycleManager.java:62) ~[mule-core-3.9.1.jar:3.9.1]
	at org.mule.DefaultMuleContext.stop(DefaultMuleContext.java:422) ~[mule-core-3.9.1.jar:3.9.1]
	at org.mule.DefaultMuleContext.dispose(DefaultMuleContext.java:438) ~[mule-core-3.9.1.jar:3.9.1]
	at org.mule.module.launcher.application.DefaultMuleApplication.doDispose(DefaultMuleApplication.java:439) ~[mule-module-launcher-3.9.1.jar:3.9.1]
	at org.mule.module.launcher.application.DefaultMuleApplication.dispose(DefaultMuleApplication.java:324) ~[mule-module-launcher-3.9.1.jar:3.9.1]
	at org.mule.module.launcher.artifact.ArtifactWrapper$1.execute(ArtifactWrapper.java:41) ~[mule-module-launcher-3.9.1.jar:3.9.1]
	at org.mule.module.launcher.artifact.ArtifactWrapper.executeWithinArtifactClassLoader(ArtifactWrapper.java:137) ~[mule-module-launcher-3.9.1.jar:3.9.1]
	at org.mule.module.launcher.artifact.ArtifactWrapper.dispose(ArtifactWrapper.java:36) ~[mule-module-launcher-3.9.1.jar:3.9.1]
	at org.mule.module.launcher.DefaultArtifactDeployer.deploy(DefaultArtifactDeployer.java:77) ~[mule-module-launcher-3.9.1.jar:3.9.1]
	at org.mule.module.launcher.DefaultArchiveDeployer.deployArtifact(DefaultArchiveDeployer.java:547) ~[mule-module-launcher-3.9.1.jar:3.9.1]
	at org.mule.module.launcher.DefaultArchiveDeployer.deployArtifact(DefaultArchiveDeployer.java:325) ~[mule-module-launcher-3.9.1.jar:3.9.1]
	at org.mule.module.launcher.DefaultArchiveDeployer.deployPackagedArtifact(DefaultArchiveDeployer.java:185) ~[mule-module-launcher-3.9.1.jar:3.9.1]
	at org.mule.module.launcher.DefaultArchiveDeployer.deployPackagedArtifact(DefaultArchiveDeployer.java:274) ~[mule-module-launcher-3.9.1.jar:3.9.1]
	at org.mule.module.launcher.DefaultArchiveDeployer.deployPackagedArtifact(DefaultArchiveDeployer.java:80) ~[mule-module-launcher-3.9.1.jar:3.9.1]
	at org.mule.module.launcher.DefaultArchiveDeployer.deployPackagedArtifact(DefaultArchiveDeployer.java:577) ~[mule-module-launcher-3.9.1.jar:3.9.1]
	at org.mule.module.launcher.DeploymentDirectoryWatcher.deployPackedApps(DeploymentDirectoryWatcher.java:283) ~[mule-module-launcher-3.9.1.jar:3.9.1]
	at org.mule.module.launcher.DeploymentDirectoryWatcher.start(DeploymentDirectoryWatcher.java:155) ~[mule-module-launcher-3.9.1.jar:3.9.1]
	at org.mule.module.launcher.MuleDeploymentService.start(MuleDeploymentService.java:135) ~[mule-module-launcher-3.9.1.jar:3.9.1]
	at org.mule.module.launcher.MuleContainer.start(MuleContainer.java:172) ~[mule-module-launcher-3.9.1.jar:3.9.1]
	at org.mule.tooling.server.application.ApplicationDeployer.main(ApplicationDeployer.java:15) ~[tooling-support-3.9.1.jar:?]
Caused by: java.lang.NullPointerException
	at com.mulesoft.mule.throttling.ThrottlingPhase.stop(ThrottlingPhase.java:370) ~[mule-module-throttling-ee-3.9.1.jar:3.9.1]
	at sun.reflect.NativeMethodAccessorImpl.invoke0(Native Method) ~[?:1.8.0_40]
	at sun.reflect.NativeMethodAccessorImpl.invoke(Unknown Source) ~[?:1.8.0_40]
	at sun.reflect.DelegatingMethodAccessorImpl.invoke(Unknown Source) ~[?:1.8.0_40]
	at java.lang.reflect.Method.invoke(Unknown Source) ~[?:1.8.0_40]
	at org.mule.lifecycle.phases.DefaultLifecyclePhase.applyLifecycle(DefaultLifecyclePhase.java:230) ~[mule-core-3.9.1.jar:3.9.1]
	... 29 more
2019-03-15 15:01:55,005 [main] INFO  org.mule.lifecycle.AbstractLifecycleManager - Disposing RegistryBroker
2019-03-15 15:01:55,005 [main] INFO  org.mule.construct.FlowConstructLifecycleManager - Disposing flow: jmsSenderFlow
2019-03-15 15:01:55,005 [main] INFO  org.mule.processor.SedaStageLifecycleManager - Disposing service: jmsSenderFlow.stage1
2019-03-15 15:01:55,005 [main] INFO  org.mule.construct.FlowConstructLifecycleManager - Disposing flow: jmsReceiverFlow
2019-03-15 15:01:55,005 [main] INFO  org.mule.processor.SedaStageLifecycleManager - Disposing service: jmsReceiverFlow.stage1
2019-03-15 15:01:55,005 [main] INFO  org.mule.lifecycle.AbstractLifecycleManager - Disposing model: _muleSystemModel
2019-03-15 15:01:55,021 [main] INFO  org.mule.lifecycle.AbstractLifecycleManager - Disposing connector: Active_MQ
2019-03-15 15:01:55,208 [main] INFO  org.mule.config.spring.MuleArtifactContext - Closing org.mule.config.spring.MuleArtifactContext@22c86919: startup date [Fri Mar 15 15:01:50 IST 2019]; root of context hierarchy
2019-03-15 15:01:55,224 [main] INFO  org.mule.DefaultMuleContext - 
**********************************************************************
* Application "jms" shut down normally on: 15/3/19 3:01 PM           *
* Up for: 0 days, 0 hours, 0 mins, 0.344 sec                         *
**********************************************************************
2019-03-15 15:03:24,308 [main] INFO  org.mule.module.launcher.application.DefaultMuleApplication - 
++++++++++++++++++++++++++++++++++++++++++++++++++++++++++++
+ Initializing app 'jms'                                   +
++++++++++++++++++++++++++++++++++++++++++++++++++++++++++++
2019-03-15 15:03:24,542 [main] INFO  org.mule.lifecycle.AbstractLifecycleManager - Initialising RegistryBroker
2019-03-15 15:03:24,729 [main] INFO  org.mule.module.extension.internal.manager.DefaultExtensionManager - Starting discovery of extensions
2019-03-15 15:03:24,901 [main] INFO  org.mule.module.extension.internal.manager.DefaultExtensionManager - Discovered 1 extensions
2019-03-15 15:03:24,901 [main] INFO  org.mule.module.extension.internal.manager.DefaultExtensionManager - Registering extension validation (version 3.9)
2019-03-15 15:03:25,002 [main] INFO  org.mule.config.spring.MuleArtifactContext - Refreshing org.mule.config.spring.MuleArtifactContext@32057e6: startup date [Fri Mar 15 15:03:24 IST 2019]; root of context hierarchy
2019-03-15 15:03:27,424 [main] INFO  org.mule.config.spring.processors.NoDevkitInjectorProcessor - JSR-330 'javax.inject.Inject' annotation found and supported for autowiring
2019-03-15 15:03:28,816 [main] WARN  org.mule.module.ognl.expression.OgnlExpressionEvaluator - OGNL module is deprecated and will be removed in Mule 4.0. Use MEL expressions instead.
2019-03-15 15:03:29,283 [main] INFO  org.mule.util.journal.TransactionJournal - Using files for tx logs C:\Users\IMGADMIN\Desktop\Mule 3.9\ws\.mule\.\.mule\jms\queue-tx-log\tx1.log and C:\Users\IMGADMIN\Desktop\Mule 3.9\ws\.mule\.\.mule\jms\queue-tx-log\tx2.log
2019-03-15 15:03:29,314 [main] INFO  org.mule.util.journal.TransactionJournal - Using files for tx logs C:\Users\IMGADMIN\Desktop\Mule 3.9\ws\.mule\.\.mule\jms\queue-xa-tx-log\tx1.log and C:\Users\IMGADMIN\Desktop\Mule 3.9\ws\.mule\.\.mule\jms\queue-xa-tx-log\tx2.log
2019-03-15 15:03:29,330 [main] INFO  org.mule.lifecycle.AbstractLifecycleManager - Initialising connector: Active_MQ
2019-03-15 15:03:29,540 [main] INFO  org.mule.lifecycle.AbstractLifecycleManager - Initialising model: _muleSystemModel
2019-03-15 15:03:29,545 [main] INFO  org.mule.construct.FlowConstructLifecycleManager - Initialising flow: jmsSenderFlow
2019-03-15 15:03:29,545 [main] INFO  org.mule.exception.DefaultMessagingExceptionStrategy - Initialising exception listener: org.mule.exception.DefaultMessagingExceptionStrategy@3135bf25
2019-03-15 15:03:29,586 [main] INFO  org.mule.processor.SedaStageLifecycleManager - Initialising service: jmsSenderFlow.stage1
2019-03-15 15:03:29,602 [main] INFO  org.mule.construct.FlowConstructLifecycleManager - Initialising flow: jmsReceiverFlow
2019-03-15 15:03:29,602 [main] INFO  org.mule.exception.DefaultMessagingExceptionStrategy - Initialising exception listener: org.mule.exception.DefaultMessagingExceptionStrategy@297c9a9b
2019-03-15 15:03:29,617 [main] INFO  org.mule.processor.SedaStageLifecycleManager - Initialising service: jmsReceiverFlow.stage1
2019-03-15 15:03:30,071 [main] INFO  org.mule.config.spring.SpringXmlConfigurationBuilder - Configured Mule using "org.mule.config.spring.SpringXmlConfigurationBuilder" with configuration resource(s): "[ConfigResource{resourceName='C:\Users\IMGADMIN\Desktop\Mule 3.9\ws\.mule\apps\jms\jms.xml'}]"
2019-03-15 15:03:30,071 [main] INFO  org.mule.config.builders.AutoConfigurationBuilder - Configured Mule using "org.mule.config.builders.AutoConfigurationBuilder" with configuration resource(s): "[ConfigResource{resourceName='C:\Users\IMGADMIN\Desktop\Mule 3.9\ws\.mule\apps\jms\jms.xml'}]"
2019-03-15 15:03:30,079 [main] INFO  com.mulesoft.module.policies.lifecyle.GateKeeper - GateKeeper Mode: DISABLED
2019-03-15 15:03:30,079 [main] INFO  org.mule.module.launcher.application.DefaultMuleApplication - 
++++++++++++++++++++++++++++++++++++++++++++++++++++++++++++
+ Starting app 'jms'                                       +
++++++++++++++++++++++++++++++++++++++++++++++++++++++++++++
2019-03-15 15:03:30,079 [main] INFO  org.mule.util.queue.QueueXaResourceManager - Starting ResourceManager
2019-03-15 15:03:30,079 [main] INFO  org.mule.util.queue.QueueXaResourceManager - Started ResourceManager
2019-03-15 15:03:30,141 [main] INFO  org.mule.module.http.internal.listener.DefaultHttpListenerConfig - Listening for requests on http://0.0.0.0:9090
2019-03-15 15:03:30,735 [main] INFO  org.mule.transport.jms.activemq.ActiveMQJmsConnector - Connected: ActiveMQJmsConnector
{
  name=Active_MQ
  lifecycle=initialise
  this=4f654cee
  numberOfConcurrentTransactedReceivers=4
  createMultipleTransactedReceivers=true
  connected=true
  supportedProtocols=[jms]
  serviceOverrides=<none>
}

2019-03-15 15:03:30,735 [main] INFO  org.mule.transport.jms.activemq.ActiveMQJmsConnector - Starting: ActiveMQJmsConnector
{
  name=Active_MQ
  lifecycle=initialise
  this=4f654cee
  numberOfConcurrentTransactedReceivers=4
  createMultipleTransactedReceivers=true
  connected=true
  supportedProtocols=[jms]
  serviceOverrides=<none>
}

2019-03-15 15:03:30,735 [main] INFO  org.mule.lifecycle.AbstractLifecycleManager - Starting connector: Active_MQ
2019-03-15 15:03:30,750 [main] INFO  org.mule.modules.oauth2.provider.agents.DefaultSplashScreenAgent - 
++++++++++++++++++++++++++++++++++++++++++++++++++++++++++++++++++++++++++++++++
+ DevKit Extensions (0) used in this application 
                             +
++++++++++++++++++++++++++++++++++++++++++++++++++++++++++++++++++++++++++++++++
2019-03-15 15:03:30,750 [main] INFO  org.mule.lifecycle.AbstractLifecycleManager - Starting model: _muleSystemModel
2019-03-15 15:03:30,750 [main] INFO  org.mule.construct.FlowConstructLifecycleManager - Starting flow: jmsSenderFlow
2019-03-15 15:03:30,750 [main] INFO  org.mule.processor.SedaStageLifecycleManager - Starting service: jmsSenderFlow.stage1
2019-03-15 15:03:30,750 [main] INFO  org.mule.construct.FlowConstructLifecycleManager - Starting flow: jmsReceiverFlow
2019-03-15 15:03:30,750 [main] INFO  org.mule.processor.SedaStageLifecycleManager - Starting service: jmsReceiverFlow.stage1
2019-03-15 15:03:30,797 [main] INFO  org.mule.transport.jms.activemq.ActiveMQJmsConnector - Registering listener: jmsReceiverFlow on endpointUri: jms://input
2019-03-15 15:03:30,813 [main] INFO  org.mule.transport.service.DefaultTransportServiceDescriptor - Loading default inbound transformer: org.mule.transport.jms.transformers.JMSMessageToObject
2019-03-15 15:03:30,813 [main] INFO  org.mule.transport.service.DefaultTransportServiceDescriptor - Loading default response transformer: org.mule.transport.jms.transformers.ObjectToJMSMessage
2019-03-15 15:03:30,813 [main] INFO  org.mule.lifecycle.AbstractLifecycleManager - Initialising: 'null'. Object is: MultiConsumerJmsMessageReceiver
2019-03-15 15:03:30,829 [main] INFO  org.mule.transport.jms.MultiConsumerJmsMessageReceiver - Connecting clusterizable message receiver
2019-03-15 15:03:30,969 [main] INFO  org.mule.transport.jms.MultiConsumerJmsMessageReceiver - Endpoint jms://input has been successfully reconnected.
2019-03-15 15:03:30,969 [main] INFO  org.mule.lifecycle.AbstractLifecycleManager - Starting: 'null'. Object is: MultiConsumerJmsMessageReceiver
2019-03-15 15:03:30,969 [main] INFO  org.mule.transport.jms.MultiConsumerJmsMessageReceiver - Starting clusterizable message receiver
2019-03-15 15:03:30,985 [main] INFO  org.mule.module.management.agent.WrapperManagerAgent - This JVM hasn't been launched by the wrapper, the agent will not run.
2019-03-15 15:03:35,547 [main] INFO  org.mule.module.management.agent.AbstractJmxAgent - Attempting to register service with name: Mule.jms:type=Endpoint,service="jmsReceiverFlow",connector=Active_MQ,name="endpoint.jms.input"
2019-03-15 15:03:35,547 [main] INFO  org.mule.module.management.agent.AbstractJmxAgent - Registered Endpoint Service with name: Mule.jms:type=Endpoint,service="jmsReceiverFlow",connector=Active_MQ,name="endpoint.jms.input"
2019-03-15 15:03:35,564 [main] INFO  org.mule.module.management.agent.AbstractJmxAgent - Registered Connector Service with name Mule.jms:type=Connector,name="Active_MQ"
2019-03-15 15:03:35,565 [main] INFO  org.mule.DefaultMuleContext - 
**********************************************************************
* Application: jms                                                   *
* OS encoding: \, Mule encoding: UTF-8                               *
*                                                                    *
* Agents Running:                                                    *
*   JMX Agent                                                        *
*   Batch module default engine                                      *
*   DevKit Extension Information                                     *
*   Wrapper Manager                                                  *
**********************************************************************
2019-03-15 15:04:16,537 [[jms].HTTP_Listener_Configuration.worker.01] INFO  org.mule.transport.service.DefaultTransportServiceDescriptor - Loading default outbound transformer: org.mule.transport.jms.transformers.ObjectToJMSMessage
2019-03-15 15:04:16,537 [[jms].HTTP_Listener_Configuration.worker.01] INFO  org.mule.transport.service.DefaultTransportServiceDescriptor - Loading default response transformer: org.mule.transport.jms.transformers.ObjectToJMSMessage
2019-03-15 15:04:16,539 [[jms].HTTP_Listener_Configuration.worker.01] WARN  com.mulesoft.mule.transport.jms.EeJmsMessageDispatcher - Starting patched JmsMessageReceiver
2019-03-15 15:04:16,540 [[jms].HTTP_Listener_Configuration.worker.01] INFO  org.mule.lifecycle.AbstractLifecycleManager - Initialising: 'Active_MQ.dispatcher.182319167'. Object is: EeJmsMessageDispatcher
2019-03-15 15:04:16,541 [[jms].HTTP_Listener_Configuration.worker.01] INFO  org.mule.lifecycle.AbstractLifecycleManager - Starting: 'Active_MQ.dispatcher.182319167'. Object is: EeJmsMessageDispatcher
2019-03-15 15:04:16,599 [[jms].HTTP_Listener_Configuration.worker.01] INFO  org.mule.api.processor.LoggerMessageProcessor - Sender log- 12345
2019-03-15 15:04:16,648 [[jms].jmsReceiverFlow.stage1.02] INFO  org.mule.api.processor.LoggerMessageProcessor - Receiver log- Processed 12345
2019-03-15 15:06:50,943 [Mule.app.deployer.monitor.1.thread.1] INFO  org.mule.module.launcher.application.DefaultMuleApplication - 
++++++++++++++++++++++++++++++++++++++++++++++++++++++++++++
+ Stopping app 'jms'                                       +
++++++++++++++++++++++++++++++++++++++++++++++++++++++++++++
2019-03-15 15:06:50,944 [Mule.app.deployer.monitor.1.thread.1] INFO  org.mule.construct.FlowConstructLifecycleManager - Stopping flow: jmsSenderFlow
2019-03-15 15:06:50,945 [Mule.app.deployer.monitor.1.thread.1] INFO  org.mule.processor.SedaStageLifecycleManager - Stopping service: jmsSenderFlow.stage1
2019-03-15 15:06:51,101 [Mule.app.deployer.monitor.1.thread.1] INFO  org.mule.construct.FlowConstructLifecycleManager - Stopping flow: jmsReceiverFlow
2019-03-15 15:06:51,101 [Mule.app.deployer.monitor.1.thread.1] INFO  org.mule.transport.jms.activemq.ActiveMQJmsConnector - Removing listener on endpointUri: jms://input
2019-03-15 15:06:51,101 [Mule.app.deployer.monitor.1.thread.1] INFO  org.mule.lifecycle.AbstractLifecycleManager - Stopping: 'null'. Object is: MultiConsumerJmsMessageReceiver
2019-03-15 15:06:51,101 [Mule.app.deployer.monitor.1.thread.1] INFO  org.mule.lifecycle.AbstractLifecycleManager - Disposing: 'null'. Object is: MultiConsumerJmsMessageReceiver
2019-03-15 15:06:51,101 [Mule.app.deployer.monitor.1.thread.1] INFO  org.mule.processor.SedaStageLifecycleManager - Stopping service: jmsReceiverFlow.stage1
2019-03-15 15:06:51,164 [Mule.app.deployer.monitor.1.thread.1] INFO  org.mule.lifecycle.AbstractLifecycleManager - Stopping model: _muleSystemModel
2019-03-15 15:06:51,164 [Mule.app.deployer.monitor.1.thread.1] INFO  org.mule.lifecycle.AbstractLifecycleManager - Stopping connector: Active_MQ
2019-03-15 15:06:51,164 [Mule.app.deployer.monitor.1.thread.1] INFO  org.mule.lifecycle.AbstractLifecycleManager - Stopping: 'Active_MQ.dispatcher.182319167'. Object is: EeJmsMessageDispatcher
2019-03-15 15:06:51,164 [Mule.app.deployer.monitor.1.thread.1] INFO  org.mule.lifecycle.AbstractLifecycleManager - Disposing: 'Active_MQ.dispatcher.182319167'. Object is: EeJmsMessageDispatcher
2019-03-15 15:06:51,180 [Mule.app.deployer.monitor.1.thread.1] INFO  org.mule.module.http.internal.listener.DefaultHttpListenerConfig - Stopped listener on http://0.0.0.0:9090
2019-03-15 15:06:51,180 [Mule.app.deployer.monitor.1.thread.1] INFO  org.mule.util.queue.QueueXaResourceManager - Stopping ResourceManager
2019-03-15 15:06:51,180 [Mule.app.deployer.monitor.1.thread.1] INFO  org.mule.util.queue.QueueXaResourceManager - Stopped ResourceManager
2019-03-15 15:06:51,180 [Mule.app.deployer.monitor.1.thread.1] INFO  org.mule.module.launcher.application.DefaultMuleApplication - 
++++++++++++++++++++++++++++++++++++++++++++++++++++++++++++
+ Disposing app 'jms'                                      +
++++++++++++++++++++++++++++++++++++++++++++++++++++++++++++
2019-03-15 15:06:51,180 [Mule.app.deployer.monitor.1.thread.1] INFO  org.mule.lifecycle.AbstractLifecycleManager - Disposing RegistryBroker
2019-03-15 15:06:51,180 [Mule.app.deployer.monitor.1.thread.1] INFO  org.mule.construct.FlowConstructLifecycleManager - Disposing flow: jmsSenderFlow
2019-03-15 15:06:51,180 [Mule.app.deployer.monitor.1.thread.1] INFO  org.mule.processor.SedaStageLifecycleManager - Disposing service: jmsSenderFlow.stage1
2019-03-15 15:06:51,180 [Mule.app.deployer.monitor.1.thread.1] INFO  org.mule.construct.FlowConstructLifecycleManager - Disposing flow: jmsReceiverFlow
2019-03-15 15:06:51,180 [Mule.app.deployer.monitor.1.thread.1] INFO  org.mule.processor.SedaStageLifecycleManager - Disposing service: jmsReceiverFlow.stage1
2019-03-15 15:06:51,195 [Mule.app.deployer.monitor.1.thread.1] INFO  org.mule.lifecycle.AbstractLifecycleManager - Disposing model: _muleSystemModel
2019-03-15 15:06:51,211 [Mule.app.deployer.monitor.1.thread.1] INFO  org.mule.transport.jms.activemq.ActiveMQJmsConnector - Disconnected: ActiveMQJmsConnector
{
  name=Active_MQ
  lifecycle=stop
  this=4f654cee
  numberOfConcurrentTransactedReceivers=4
  createMultipleTransactedReceivers=true
  connected=true
  supportedProtocols=[jms]
  serviceOverrides=<none>
}

2019-03-15 15:06:51,211 [Mule.app.deployer.monitor.1.thread.1] INFO  org.mule.lifecycle.AbstractLifecycleManager - Disposing connector: Active_MQ
2019-03-15 15:06:51,430 [Mule.app.deployer.monitor.1.thread.1] INFO  org.mule.config.spring.MuleArtifactContext - Closing org.mule.config.spring.MuleArtifactContext@32057e6: startup date [Fri Mar 15 15:03:24 IST 2019]; root of context hierarchy
2019-03-15 15:06:51,445 [Mule.app.deployer.monitor.1.thread.1] INFO  org.mule.DefaultMuleContext - 
**********************************************************************
* Application "jms" shut down normally on: 15/3/19 3:06 PM           *
* Up for: 0 days, 0 hours, 3 mins, 21.366 sec                        *
**********************************************************************
2019-03-15 15:06:51,586 [Mule.app.deployer.monitor.1.thread.1] INFO  org.mule.module.launcher.application.DefaultMuleApplication - 
++++++++++++++++++++++++++++++++++++++++++++++++++++++++++++
+ Initializing app 'jms'                                   +
++++++++++++++++++++++++++++++++++++++++++++++++++++++++++++
2019-03-15 15:06:51,601 [Mule.app.deployer.monitor.1.thread.1] INFO  org.mule.lifecycle.AbstractLifecycleManager - Initialising RegistryBroker
2019-03-15 15:06:51,617 [Mule.app.deployer.monitor.1.thread.1] INFO  org.mule.module.extension.internal.manager.DefaultExtensionManager - Starting discovery of extensions
2019-03-15 15:06:51,633 [Mule.app.deployer.monitor.1.thread.1] INFO  org.mule.module.extension.internal.manager.DefaultExtensionManager - Discovered 1 extensions
2019-03-15 15:06:51,633 [Mule.app.deployer.monitor.1.thread.1] INFO  org.mule.module.extension.internal.manager.DefaultExtensionManager - Registering extension validation (version 3.9)
2019-03-15 15:06:51,648 [Mule.app.deployer.monitor.1.thread.1] INFO  org.mule.config.spring.MuleArtifactContext - Refreshing org.mule.config.spring.MuleArtifactContext@490864b9: startup date [Fri Mar 15 15:06:51 IST 2019]; root of context hierarchy
2019-03-15 15:06:52,367 [Mule.app.deployer.monitor.1.thread.1] INFO  org.mule.config.spring.processors.NoDevkitInjectorProcessor - JSR-330 'javax.inject.Inject' annotation found and supported for autowiring
2019-03-15 15:06:52,564 [Mule.app.deployer.monitor.1.thread.1] INFO  org.mule.util.journal.TransactionJournal - Using files for tx logs C:\Users\IMGADMIN\Desktop\Mule 3.9\ws\.mule\.\.mule\jms\queue-tx-log\tx1.log and C:\Users\IMGADMIN\Desktop\Mule 3.9\ws\.mule\.\.mule\jms\queue-tx-log\tx2.log
2019-03-15 15:06:52,580 [Mule.app.deployer.monitor.1.thread.1] INFO  org.mule.util.journal.TransactionJournal - Using files for tx logs C:\Users\IMGADMIN\Desktop\Mule 3.9\ws\.mule\.\.mule\jms\queue-xa-tx-log\tx1.log and C:\Users\IMGADMIN\Desktop\Mule 3.9\ws\.mule\.\.mule\jms\queue-xa-tx-log\tx2.log
2019-03-15 15:06:52,580 [Mule.app.deployer.monitor.1.thread.1] INFO  org.mule.lifecycle.AbstractLifecycleManager - Initialising connector: Active_MQ
2019-03-15 15:06:52,627 [Mule.app.deployer.monitor.1.thread.1] INFO  org.mule.lifecycle.AbstractLifecycleManager - Initialising model: _muleSystemModel
2019-03-15 15:06:52,627 [Mule.app.deployer.monitor.1.thread.1] INFO  org.mule.construct.FlowConstructLifecycleManager - Initialising flow: jmsSenderFlow
2019-03-15 15:06:52,627 [Mule.app.deployer.monitor.1.thread.1] INFO  org.mule.exception.DefaultMessagingExceptionStrategy - Initialising exception listener: org.mule.exception.DefaultMessagingExceptionStrategy@109c9af7
2019-03-15 15:06:52,642 [Mule.app.deployer.monitor.1.thread.1] INFO  org.mule.processor.SedaStageLifecycleManager - Initialising service: jmsSenderFlow.stage1
2019-03-15 15:06:52,642 [Mule.app.deployer.monitor.1.thread.1] INFO  org.mule.construct.FlowConstructLifecycleManager - Initialising flow: jmsReceiverFlow
2019-03-15 15:06:52,642 [Mule.app.deployer.monitor.1.thread.1] INFO  org.mule.exception.DefaultMessagingExceptionStrategy - Initialising exception listener: org.mule.exception.DefaultMessagingExceptionStrategy@48febec4
2019-03-15 15:06:52,658 [Mule.app.deployer.monitor.1.thread.1] INFO  org.mule.processor.SedaStageLifecycleManager - Initialising service: jmsReceiverFlow.stage1
2019-03-15 15:06:52,721 [Mule.app.deployer.monitor.1.thread.1] INFO  org.mule.config.spring.SpringXmlConfigurationBuilder - Configured Mule using "org.mule.config.spring.SpringXmlConfigurationBuilder" with configuration resource(s): "[ConfigResource{resourceName='C:\Users\IMGADMIN\Desktop\Mule 3.9\ws\.mule\apps\jms\jms.xml'}]"
2019-03-15 15:06:52,721 [Mule.app.deployer.monitor.1.thread.1] INFO  org.mule.config.builders.AutoConfigurationBuilder - Configured Mule using "org.mule.config.builders.AutoConfigurationBuilder" with configuration resource(s): "[ConfigResource{resourceName='C:\Users\IMGADMIN\Desktop\Mule 3.9\ws\.mule\apps\jms\jms.xml'}]"
2019-03-15 15:06:52,721 [Mule.app.deployer.monitor.1.thread.1] INFO  org.mule.module.launcher.application.DefaultMuleApplication - 
++++++++++++++++++++++++++++++++++++++++++++++++++++++++++++
+ Starting app 'jms'                                       +
++++++++++++++++++++++++++++++++++++++++++++++++++++++++++++
2019-03-15 15:06:52,721 [Mule.app.deployer.monitor.1.thread.1] INFO  org.mule.util.queue.QueueXaResourceManager - Starting ResourceManager
2019-03-15 15:06:52,721 [Mule.app.deployer.monitor.1.thread.1] INFO  org.mule.util.queue.QueueXaResourceManager - Started ResourceManager
2019-03-15 15:06:52,783 [Mule.app.deployer.monitor.1.thread.1] INFO  org.mule.module.http.internal.listener.DefaultHttpListenerConfig - Listening for requests on http://0.0.0.0:9090
2019-03-15 15:06:53,392 [Mule.app.deployer.monitor.1.thread.1] INFO  org.mule.transport.jms.activemq.ActiveMQJmsConnector - Connected: ActiveMQJmsConnector
{
  name=Active_MQ
  lifecycle=initialise
  this=7611c929
  numberOfConcurrentTransactedReceivers=4
  createMultipleTransactedReceivers=true
  connected=true
  supportedProtocols=[jms]
  serviceOverrides=<none>
}

2019-03-15 15:06:53,392 [Mule.app.deployer.monitor.1.thread.1] INFO  org.mule.transport.jms.activemq.ActiveMQJmsConnector - Starting: ActiveMQJmsConnector
{
  name=Active_MQ
  lifecycle=initialise
  this=7611c929
  numberOfConcurrentTransactedReceivers=4
  createMultipleTransactedReceivers=true
  connected=true
  supportedProtocols=[jms]
  serviceOverrides=<none>
}

2019-03-15 15:06:53,392 [Mule.app.deployer.monitor.1.thread.1] INFO  org.mule.lifecycle.AbstractLifecycleManager - Starting connector: Active_MQ
2019-03-15 15:06:53,408 [Mule.app.deployer.monitor.1.thread.1] INFO  org.mule.modules.oauth2.provider.agents.DefaultSplashScreenAgent - 
++++++++++++++++++++++++++++++++++++++++++++++++++++++++++++++++++++++++++++++++
+ DevKit Extensions (0) used in this application 
                             +
++++++++++++++++++++++++++++++++++++++++++++++++++++++++++++++++++++++++++++++++
2019-03-15 15:06:53,408 [Mule.app.deployer.monitor.1.thread.1] INFO  org.mule.lifecycle.AbstractLifecycleManager - Starting model: _muleSystemModel
2019-03-15 15:06:53,408 [Mule.app.deployer.monitor.1.thread.1] INFO  org.mule.construct.FlowConstructLifecycleManager - Starting flow: jmsSenderFlow
2019-03-15 15:06:53,408 [Mule.app.deployer.monitor.1.thread.1] INFO  org.mule.processor.SedaStageLifecycleManager - Starting service: jmsSenderFlow.stage1
2019-03-15 15:06:53,408 [Mule.app.deployer.monitor.1.thread.1] INFO  org.mule.construct.FlowConstructLifecycleManager - Starting flow: jmsReceiverFlow
2019-03-15 15:06:53,408 [Mule.app.deployer.monitor.1.thread.1] INFO  org.mule.processor.SedaStageLifecycleManager - Starting service: jmsReceiverFlow.stage1
2019-03-15 15:06:53,439 [Mule.app.deployer.monitor.1.thread.1] INFO  org.mule.transport.jms.activemq.ActiveMQJmsConnector - Registering listener: jmsReceiverFlow on endpointUri: jms://input
2019-03-15 15:06:53,455 [Mule.app.deployer.monitor.1.thread.1] INFO  org.mule.transport.service.DefaultTransportServiceDescriptor - Loading default inbound transformer: org.mule.transport.jms.transformers.JMSMessageToObject
2019-03-15 15:06:53,455 [Mule.app.deployer.monitor.1.thread.1] INFO  org.mule.transport.service.DefaultTransportServiceDescriptor - Loading default response transformer: org.mule.transport.jms.transformers.ObjectToJMSMessage
2019-03-15 15:06:53,455 [Mule.app.deployer.monitor.1.thread.1] INFO  org.mule.lifecycle.AbstractLifecycleManager - Initialising: 'null'. Object is: MultiConsumerJmsMessageReceiver
2019-03-15 15:06:53,455 [Mule.app.deployer.monitor.1.thread.1] INFO  org.mule.transport.jms.MultiConsumerJmsMessageReceiver - Connecting clusterizable message receiver
2019-03-15 15:06:53,549 [Mule.app.deployer.monitor.1.thread.1] INFO  org.mule.transport.jms.MultiConsumerJmsMessageReceiver - Endpoint jms://input has been successfully reconnected.
2019-03-15 15:06:53,549 [Mule.app.deployer.monitor.1.thread.1] INFO  org.mule.lifecycle.AbstractLifecycleManager - Starting: 'null'. Object is: MultiConsumerJmsMessageReceiver
2019-03-15 15:06:53,549 [Mule.app.deployer.monitor.1.thread.1] INFO  org.mule.transport.jms.MultiConsumerJmsMessageReceiver - Starting clusterizable message receiver
2019-03-15 15:06:53,549 [Mule.app.deployer.monitor.1.thread.1] INFO  org.mule.module.management.agent.WrapperManagerAgent - This JVM hasn't been launched by the wrapper, the agent will not run.
2019-03-15 15:06:53,564 [Mule.app.deployer.monitor.1.thread.1] INFO  org.mule.module.management.agent.AbstractJmxAgent - Attempting to register service with name: Mule.jms:type=Endpoint,service="jmsReceiverFlow",connector=Active_MQ,name="endpoint.jms.input"
2019-03-15 15:06:53,564 [Mule.app.deployer.monitor.1.thread.1] INFO  org.mule.module.management.agent.AbstractJmxAgent - Registered Endpoint Service with name: Mule.jms:type=Endpoint,service="jmsReceiverFlow",connector=Active_MQ,name="endpoint.jms.input"
2019-03-15 15:06:53,564 [Mule.app.deployer.monitor.1.thread.1] INFO  org.mule.module.management.agent.AbstractJmxAgent - Registered Connector Service with name Mule.jms:type=Connector,name="Active_MQ"
2019-03-15 15:06:53,564 [Mule.app.deployer.monitor.1.thread.1] INFO  org.mule.DefaultMuleContext - 
**********************************************************************
* Application: jms                                                   *
* OS encoding: \, Mule encoding: UTF-8                               *
*                                                                    *
* Agents Running:                                                    *
*   JMX Agent                                                        *
*   Batch module default engine                                      *
*   DevKit Extension Information                                     *
*   Wrapper Manager                                                  *
**********************************************************************
2019-03-15 15:07:05,133 [main] INFO  org.mule.module.launcher.application.DefaultMuleApplication - 
++++++++++++++++++++++++++++++++++++++++++++++++++++++++++++
+ Initializing app 'jms'                                   +
++++++++++++++++++++++++++++++++++++++++++++++++++++++++++++
2019-03-15 15:07:05,321 [main] INFO  org.mule.lifecycle.AbstractLifecycleManager - Initialising RegistryBroker
2019-03-15 15:07:05,477 [main] INFO  org.mule.module.extension.internal.manager.DefaultExtensionManager - Starting discovery of extensions
2019-03-15 15:07:05,617 [main] INFO  org.mule.module.extension.internal.manager.DefaultExtensionManager - Discovered 1 extensions
2019-03-15 15:07:05,617 [main] INFO  org.mule.module.extension.internal.manager.DefaultExtensionManager - Registering extension validation (version 3.9)
2019-03-15 15:07:05,696 [main] INFO  org.mule.config.spring.MuleArtifactContext - Refreshing org.mule.config.spring.MuleArtifactContext@32057e6: startup date [Fri Mar 15 15:07:05 IST 2019]; root of context hierarchy
2019-03-15 15:07:07,803 [main] INFO  org.mule.config.spring.processors.NoDevkitInjectorProcessor - JSR-330 'javax.inject.Inject' annotation found and supported for autowiring
2019-03-15 15:07:09,107 [main] WARN  org.mule.module.ognl.expression.OgnlExpressionEvaluator - OGNL module is deprecated and will be removed in Mule 4.0. Use MEL expressions instead.
2019-03-15 15:07:09,587 [main] INFO  org.mule.util.journal.TransactionJournal - Using files for tx logs C:\Users\IMGADMIN\Desktop\Mule 3.9\ws\.mule\.\.mule\jms\queue-tx-log\tx1.log and C:\Users\IMGADMIN\Desktop\Mule 3.9\ws\.mule\.\.mule\jms\queue-tx-log\tx2.log
2019-03-15 15:07:09,603 [main] INFO  org.mule.util.journal.TransactionJournal - Using files for tx logs C:\Users\IMGADMIN\Desktop\Mule 3.9\ws\.mule\.\.mule\jms\queue-xa-tx-log\tx1.log and C:\Users\IMGADMIN\Desktop\Mule 3.9\ws\.mule\.\.mule\jms\queue-xa-tx-log\tx2.log
2019-03-15 15:07:09,619 [main] INFO  org.mule.lifecycle.AbstractLifecycleManager - Initialising connector: Active_MQ
2019-03-15 15:07:09,806 [main] INFO  org.mule.lifecycle.AbstractLifecycleManager - Initialising model: _muleSystemModel
2019-03-15 15:07:09,806 [main] INFO  org.mule.construct.FlowConstructLifecycleManager - Initialising flow: jmsSenderFlow
2019-03-15 15:07:09,806 [main] INFO  org.mule.exception.DefaultMessagingExceptionStrategy - Initialising exception listener: org.mule.exception.DefaultMessagingExceptionStrategy@3135bf25
2019-03-15 15:07:09,853 [main] INFO  org.mule.processor.SedaStageLifecycleManager - Initialising service: jmsSenderFlow.stage1
2019-03-15 15:07:09,869 [main] INFO  org.mule.construct.FlowConstructLifecycleManager - Initialising flow: jmsReceiverFlow
2019-03-15 15:07:09,869 [main] INFO  org.mule.exception.DefaultMessagingExceptionStrategy - Initialising exception listener: org.mule.exception.DefaultMessagingExceptionStrategy@297c9a9b
2019-03-15 15:07:09,869 [main] INFO  org.mule.processor.SedaStageLifecycleManager - Initialising service: jmsReceiverFlow.stage1
2019-03-15 15:07:10,275 [main] INFO  org.mule.config.spring.SpringXmlConfigurationBuilder - Configured Mule using "org.mule.config.spring.SpringXmlConfigurationBuilder" with configuration resource(s): "[ConfigResource{resourceName='C:\Users\IMGADMIN\Desktop\Mule 3.9\ws\.mule\apps\jms\jms.xml'}]"
2019-03-15 15:07:10,275 [main] INFO  org.mule.config.builders.AutoConfigurationBuilder - Configured Mule using "org.mule.config.builders.AutoConfigurationBuilder" with configuration resource(s): "[ConfigResource{resourceName='C:\Users\IMGADMIN\Desktop\Mule 3.9\ws\.mule\apps\jms\jms.xml'}]"
2019-03-15 15:07:10,280 [main] INFO  com.mulesoft.module.policies.lifecyle.GateKeeper - GateKeeper Mode: DISABLED
2019-03-15 15:07:10,280 [main] INFO  org.mule.module.launcher.application.DefaultMuleApplication - 
++++++++++++++++++++++++++++++++++++++++++++++++++++++++++++
+ Starting app 'jms'                                       +
++++++++++++++++++++++++++++++++++++++++++++++++++++++++++++
2019-03-15 15:07:10,280 [main] INFO  org.mule.util.queue.QueueXaResourceManager - Starting ResourceManager
2019-03-15 15:07:10,280 [main] INFO  org.mule.util.queue.QueueXaResourceManager - Started ResourceManager
2019-03-15 15:07:10,342 [main] INFO  org.mule.module.http.internal.listener.DefaultHttpListenerConfig - Listening for requests on http://0.0.0.0:9090
2019-03-15 15:07:10,780 [main] INFO  org.mule.transport.jms.activemq.ActiveMQJmsConnector - Connected: ActiveMQJmsConnector
{
  name=Active_MQ
  lifecycle=initialise
  this=4f654cee
  numberOfConcurrentTransactedReceivers=4
  createMultipleTransactedReceivers=true
  connected=true
  supportedProtocols=[jms]
  serviceOverrides=<none>
}

2019-03-15 15:07:10,780 [main] INFO  org.mule.transport.jms.activemq.ActiveMQJmsConnector - Starting: ActiveMQJmsConnector
{
  name=Active_MQ
  lifecycle=initialise
  this=4f654cee
  numberOfConcurrentTransactedReceivers=4
  createMultipleTransactedReceivers=true
  connected=true
  supportedProtocols=[jms]
  serviceOverrides=<none>
}

2019-03-15 15:07:10,780 [main] INFO  org.mule.lifecycle.AbstractLifecycleManager - Starting connector: Active_MQ
2019-03-15 15:07:10,780 [main] INFO  org.mule.modules.oauth2.provider.agents.DefaultSplashScreenAgent - 
++++++++++++++++++++++++++++++++++++++++++++++++++++++++++++++++++++++++++++++++
+ DevKit Extensions (0) used in this application 
                             +
++++++++++++++++++++++++++++++++++++++++++++++++++++++++++++++++++++++++++++++++
2019-03-15 15:07:10,780 [main] INFO  org.mule.lifecycle.AbstractLifecycleManager - Starting model: _muleSystemModel
2019-03-15 15:07:10,780 [main] INFO  org.mule.construct.FlowConstructLifecycleManager - Starting flow: jmsSenderFlow
2019-03-15 15:07:10,780 [main] INFO  org.mule.processor.SedaStageLifecycleManager - Starting service: jmsSenderFlow.stage1
2019-03-15 15:07:10,795 [main] INFO  org.mule.construct.FlowConstructLifecycleManager - Starting flow: jmsReceiverFlow
2019-03-15 15:07:10,795 [main] INFO  org.mule.processor.SedaStageLifecycleManager - Starting service: jmsReceiverFlow.stage1
2019-03-15 15:07:10,842 [main] INFO  org.mule.transport.jms.activemq.ActiveMQJmsConnector - Registering listener: jmsReceiverFlow on endpointUri: jms://input
2019-03-15 15:07:10,842 [main] INFO  org.mule.transport.service.DefaultTransportServiceDescriptor - Loading default inbound transformer: org.mule.transport.jms.transformers.JMSMessageToObject
2019-03-15 15:07:10,842 [main] INFO  org.mule.transport.service.DefaultTransportServiceDescriptor - Loading default response transformer: org.mule.transport.jms.transformers.ObjectToJMSMessage
2019-03-15 15:07:10,858 [main] INFO  org.mule.lifecycle.AbstractLifecycleManager - Initialising: 'null'. Object is: MultiConsumerJmsMessageReceiver
2019-03-15 15:07:10,858 [main] INFO  org.mule.transport.jms.MultiConsumerJmsMessageReceiver - Connecting clusterizable message receiver
2019-03-15 15:07:10,936 [main] INFO  org.mule.transport.jms.MultiConsumerJmsMessageReceiver - Endpoint jms://input has been successfully reconnected.
2019-03-15 15:07:10,936 [main] INFO  org.mule.lifecycle.AbstractLifecycleManager - Starting: 'null'. Object is: MultiConsumerJmsMessageReceiver
2019-03-15 15:07:10,936 [main] INFO  org.mule.transport.jms.MultiConsumerJmsMessageReceiver - Starting clusterizable message receiver
2019-03-15 15:07:10,952 [main] INFO  org.mule.module.management.agent.WrapperManagerAgent - This JVM hasn't been launched by the wrapper, the agent will not run.
2019-03-15 15:07:15,514 [main] INFO  org.mule.module.management.agent.AbstractJmxAgent - Attempting to register service with name: Mule.jms:type=Endpoint,service="jmsReceiverFlow",connector=Active_MQ,name="endpoint.jms.input"
2019-03-15 15:07:15,523 [main] INFO  org.mule.module.management.agent.AbstractJmxAgent - Registered Endpoint Service with name: Mule.jms:type=Endpoint,service="jmsReceiverFlow",connector=Active_MQ,name="endpoint.jms.input"
2019-03-15 15:07:15,525 [main] INFO  org.mule.module.management.agent.AbstractJmxAgent - Registered Connector Service with name Mule.jms:type=Connector,name="Active_MQ"
2019-03-15 15:07:15,525 [main] INFO  org.mule.DefaultMuleContext - 
**********************************************************************
* Application: jms                                                   *
* OS encoding: \, Mule encoding: UTF-8                               *
*                                                                    *
* Agents Running:                                                    *
*   JMX Agent                                                        *
*   Batch module default engine                                      *
*   DevKit Extension Information                                     *
*   Wrapper Manager                                                  *
**********************************************************************
2019-03-15 15:07:34,388 [[jms].HTTP_Listener_Configuration.worker.01] INFO  org.mule.transport.service.DefaultTransportServiceDescriptor - Loading default outbound transformer: org.mule.transport.jms.transformers.ObjectToJMSMessage
2019-03-15 15:07:34,388 [[jms].HTTP_Listener_Configuration.worker.01] INFO  org.mule.transport.service.DefaultTransportServiceDescriptor - Loading default response transformer: org.mule.transport.jms.transformers.ObjectToJMSMessage
2019-03-15 15:07:34,388 [[jms].HTTP_Listener_Configuration.worker.01] WARN  com.mulesoft.mule.transport.jms.EeJmsMessageDispatcher - Starting patched JmsMessageReceiver
2019-03-15 15:07:34,388 [[jms].HTTP_Listener_Configuration.worker.01] INFO  org.mule.lifecycle.AbstractLifecycleManager - Initialising: 'Active_MQ.dispatcher.100182805'. Object is: EeJmsMessageDispatcher
2019-03-15 15:07:34,388 [[jms].HTTP_Listener_Configuration.worker.01] INFO  org.mule.lifecycle.AbstractLifecycleManager - Starting: 'Active_MQ.dispatcher.100182805'. Object is: EeJmsMessageDispatcher
2019-03-15 15:07:34,567 [ActiveMQ Session Task-1] INFO  org.mule.api.processor.LoggerMessageProcessor - Receiver log- Processed 12345
2019-03-15 15:07:34,568 [ActiveMQ Session Task-1] INFO  org.mule.transport.service.DefaultTransportServiceDescriptor - Loading default outbound transformer: org.mule.transport.jms.transformers.ObjectToJMSMessage
2019-03-15 15:07:34,572 [ActiveMQ Session Task-1] INFO  org.mule.transport.jms.JmsReplyToHandler - Reply Message sent to: temp-queue://ID:D-441001921-60484-1552642630608-1:1:1 with correlationID:ID:D-441001921-60484-1552642630608-1:1:6:1:1
2019-03-15 15:07:34,594 [[jms].HTTP_Listener_Configuration.worker.01] INFO  org.mule.api.processor.LoggerMessageProcessor - Sender log- Processed 12345
2019-03-15 15:07:50,080 [ActiveMQ Connection Executor: tcp://localhost/127.0.0.1:61616] ERROR org.mule.exception.DefaultSystemExceptionStrategy - 
********************************************************************************
Message               : java.io.EOFException (javax.jms.JMSException)
JMS Code              : null
Element               : /Active_MQ @ app:jms.xml:12 (Active MQ)
--------------------------------------------------------------------------------
Root Exception stack trace:
java.io.EOFException
	at java.io.DataInputStream.readInt(Unknown Source)
	at org.apache.activemq.openwire.OpenWireFormat.unmarshal(OpenWireFormat.java:275)
	at org.apache.activemq.transport.tcp.TcpTransport.readCommand(TcpTransport.java:229)
	at org.apache.activemq.transport.tcp.TcpTransport.doRun(TcpTransport.java:221)
	at org.apache.activemq.transport.tcp.TcpTransport.run(TcpTransport.java:204)
	at java.lang.Thread.run(Unknown Source)

********************************************************************************

2019-03-15 15:07:50,087 [ActiveMQ Connection Executor: tcp://localhost/127.0.0.1:61616] INFO  org.mule.exception.DefaultSystemExceptionStrategy - Exception caught is a ConnectException, attempting to reconnect...
2019-03-15 15:07:50,088 [ActiveMQ Connection Executor: tcp://localhost/127.0.0.1:61616] INFO  org.mule.lifecycle.AbstractLifecycleManager - Stopping connector: Active_MQ
2019-03-15 15:07:50,089 [ActiveMQ Connection Executor: tcp://localhost/127.0.0.1:61616] INFO  org.mule.lifecycle.AbstractLifecycleManager - Stopping: 'null'. Object is: MultiConsumerJmsMessageReceiver
2019-03-15 15:07:50,089 [ActiveMQ Connection Executor: tcp://localhost/127.0.0.1:61616] INFO  org.mule.lifecycle.AbstractLifecycleManager - Stopping: 'Active_MQ.dispatcher.100182805'. Object is: EeJmsMessageDispatcher
2019-03-15 15:07:50,089 [ActiveMQ Connection Executor: tcp://localhost/127.0.0.1:61616] INFO  org.mule.lifecycle.AbstractLifecycleManager - Disposing: 'Active_MQ.dispatcher.100182805'. Object is: EeJmsMessageDispatcher
2019-03-15 15:07:50,089 [ActiveMQ Connection Executor: tcp://localhost/127.0.0.1:61616] WARN  org.mule.transport.jms.activemq.ActiveMQJmsConnector - Failed to close jms message consumer: Cannot send, channel has already failed: tcp://127.0.0.1:61616
2019-03-15 15:07:50,089 [ActiveMQ Connection Executor: tcp://localhost/127.0.0.1:61616] WARN  org.mule.transport.jms.activemq.ActiveMQJmsConnector - Failed to close jms session consumer: Cannot send, channel has already failed: tcp://127.0.0.1:61616
2019-03-15 15:07:50,089 [ActiveMQ Connection Executor: tcp://localhost/127.0.0.1:61616] WARN  org.mule.transport.jms.activemq.ActiveMQJmsConnector - Failed to close jms message consumer: Cannot send, channel has already failed: tcp://127.0.0.1:61616
2019-03-15 15:07:50,089 [ActiveMQ Connection Executor: tcp://localhost/127.0.0.1:61616] WARN  org.mule.transport.jms.activemq.ActiveMQJmsConnector - Failed to close jms session consumer: Cannot send, channel has already failed: tcp://127.0.0.1:61616
2019-03-15 15:07:50,089 [ActiveMQ Connection Executor: tcp://localhost/127.0.0.1:61616] WARN  org.mule.transport.jms.activemq.ActiveMQJmsConnector - Failed to close jms message consumer: Cannot send, channel has already failed: tcp://127.0.0.1:61616
2019-03-15 15:07:50,089 [ActiveMQ Connection Executor: tcp://localhost/127.0.0.1:61616] WARN  org.mule.transport.jms.activemq.ActiveMQJmsConnector - Failed to close jms session consumer: Cannot send, channel has already failed: tcp://127.0.0.1:61616
2019-03-15 15:07:50,089 [ActiveMQ Connection Executor: tcp://localhost/127.0.0.1:61616] WARN  org.mule.transport.jms.activemq.ActiveMQJmsConnector - Failed to close jms message consumer: Cannot send, channel has already failed: tcp://127.0.0.1:61616
2019-03-15 15:07:50,089 [ActiveMQ Connection Executor: tcp://localhost/127.0.0.1:61616] WARN  org.mule.transport.jms.activemq.ActiveMQJmsConnector - Failed to close jms session consumer: Cannot send, channel has already failed: tcp://127.0.0.1:61616
2019-03-15 15:07:50,089 [ActiveMQ Connection Executor: tcp://localhost/127.0.0.1:61616] WARN  org.mule.transport.jms.activemq.ActiveMQJmsConnector - Exception cleaning up JMS connection: null
2019-03-15 15:07:50,089 [ActiveMQ Connection Executor: tcp://localhost/127.0.0.1:61616] WARN  org.mule.transport.jms.activemq.ActiveMQJmsConnector - Exception closing JMS connection: java.io.EOFException
2019-03-15 15:07:50,089 [ActiveMQ Connection Executor: tcp://localhost/127.0.0.1:61616] INFO  org.mule.transport.jms.activemq.ActiveMQJmsConnector - Disconnected: ActiveMQJmsConnector
{
  name=Active_MQ
  lifecycle=stop
  this=4f654cee
  numberOfConcurrentTransactedReceivers=4
  createMultipleTransactedReceivers=true
  connected=true
  supportedProtocols=[jms]
  serviceOverrides=<none>
}

2019-03-15 15:07:51,120 [[jms].Mule.02] ERROR org.mule.retry.notifiers.ConnectNotifier - Failed to connect/reconnect: ActiveMQJmsConnector
{
  name=Active_MQ
  lifecycle=stop
  this=4f654cee
  numberOfConcurrentTransactedReceivers=4
  createMultipleTransactedReceivers=true
  connected=false
  supportedProtocols=[jms]
  serviceOverrides=<none>
}
. Root Exception was: Connection refused: connect. Type: class java.net.ConnectException
2019-03-15 15:07:51,121 [[jms].Mule.02] ERROR org.mule.exception.DefaultSystemExceptionStrategy - Could not connect to broker URL: tcp://localhost:61616. Reason: java.net.ConnectException: Connection refused: connect
